<?xml version="1.0" encoding="UTF-8"?>
<testng-results ignored="0" total="1" passed="1" failed="0" skipped="0">
  <reporter-output>
  </reporter-output>
  <suite started-at="2021-05-23T16:56:02 NZST" name="Default suite" finished-at="2021-05-23T16:56:13 NZST" duration-ms="10907">
    <groups>
    </groups>
    <test started-at="2021-05-23T16:56:02 NZST" name="Default test" finished-at="2021-05-23T16:56:13 NZST" duration-ms="10907">
      <class name="myTestRunner.TestRunner">
        <test-method is-config="true" signature="beforeSetup()[pri:0, instance:myTestRunner.TestRunner@7db12bb6]" started-at="2021-05-23T16:56:02 NZST" name="beforeSetup" finished-at="2021-05-23T16:56:12 NZST" duration-ms="10292" status="PASS">
          <reporter-output>
          </reporter-output>
        </test-method> <!-- beforeSetup -->
        <test-method signature="openbrowser()[pri:0, instance:myTestRunner.TestRunner@7db12bb6]" started-at="2021-05-23T16:56:12 NZST" name="openbrowser" finished-at="2021-05-23T16:56:12 NZST" duration-ms="16" status="PASS">
          <reporter-output>
          </reporter-output>
        </test-method> <!-- openbrowser -->
        <test-method is-config="true" signature="tearDown()[pri:0, instance:myTestRunner.TestRunner@7db12bb6]" started-at="2021-05-23T16:56:12 NZST" name="tearDown" finished-at="2021-05-23T16:56:13 NZST" duration-ms="418" status="PASS">
          <reporter-output>
          </reporter-output>
        </test-method> <!-- tearDown -->
      </class> <!-- myTestRunner.TestRunner -->
    </test> <!-- Default test -->
  </suite> <!-- Default suite -->
</testng-results>
